Determining if the pthread_create exist failed with the following output:
Change Dir: /home/manan/sc635_workspace/build/CMakeFiles/CMakeTmp

Run Build Command:"/usr/bin/make" "cmTC_af07e/fast"
/usr/bin/make -f CMakeFiles/cmTC_af07e.dir/build.make CMakeFiles/cmTC_af07e.dir/build
make[1]: Entering directory '/home/manan/sc635_workspace/build/CMakeFiles/CMakeTmp'
Building C object CMakeFiles/cmTC_af07e.dir/CheckSymbolExists.c.o
/usr/bin/cc     -o CMakeFiles/cmTC_af07e.dir/CheckSymbolExists.c.o   -c /home/manan/sc635_workspace/build/CMakeFiles/CMakeTmp/CheckSymbolExists.c
Linking C executable cmTC_af07e
/usr/bin/cmake -E cmake_link_script CMakeFiles/cmTC_af07e.dir/link.txt --verbose=1
/usr/bin/cc       CMakeFiles/cmTC_af07e.dir/CheckSymbolExists.c.o  -o cmTC_af07e -rdynamic 
CMakeFiles/cmTC_af07e.dir/CheckSymbolExists.c.o: In function `main':
CheckSymbolExists.c:(.text+0x16): undefined reference to `pthread_create'
collect2: error: ld returned 1 exit status
CMakeFiles/cmTC_af07e.dir/build.make:97: recipe for target 'cmTC_af07e' failed
make[1]: *** [cmTC_af07e] Error 1
make[1]: Leaving directory '/home/manan/sc635_workspace/build/CMakeFiles/CMakeTmp'
Makefile:126: recipe for target 'cmTC_af07e/fast' failed
make: *** [cmTC_af07e/fast] Error 2

File /home/manan/sc635_workspace/build/CMakeFiles/CMakeTmp/CheckSymbolExists.c:
/* */
#include <pthread.h>

int main(int argc, char** argv)
{
  (void)argv;
#ifndef pthread_create
  return ((int*)(&pthread_create))[argc];
#else
  (void)argc;
  return 0;
#endif
}

Determining if the function pthread_create exists in the pthreads failed with the following output:
Change Dir: /home/manan/sc635_workspace/build/CMakeFiles/CMakeTmp

Run Build Command:"/usr/bin/make" "cmTC_c642f/fast"
/usr/bin/make -f CMakeFiles/cmTC_c642f.dir/build.make CMakeFiles/cmTC_c642f.dir/build
make[1]: Entering directory '/home/manan/sc635_workspace/build/CMakeFiles/CMakeTmp'
Building C object CMakeFiles/cmTC_c642f.dir/CheckFunctionExists.c.o
/usr/bin/cc    -DCHECK_FUNCTION_EXISTS=pthread_create   -o CMakeFiles/cmTC_c642f.dir/CheckFunctionExists.c.o   -c /usr/share/cmake-3.5/Modules/CheckFunctionExists.c
Linking C executable cmTC_c642f
/usr/bin/cmake -E cmake_link_script CMakeFiles/cmTC_c642f.dir/link.txt --verbose=1
/usr/bin/cc   -DCHECK_FUNCTION_EXISTS=pthread_create    CMakeFiles/cmTC_c642f.dir/CheckFunctionExists.c.o  -o cmTC_c642f -rdynamic -lpthreads 
/usr/bin/ld: cannot find -lpthreads
collect2: error: ld returned 1 exit status
CMakeFiles/cmTC_c642f.dir/build.make:97: recipe for target 'cmTC_c642f' failed
make[1]: *** [cmTC_c642f] Error 1
make[1]: Leaving directory '/home/manan/sc635_workspace/build/CMakeFiles/CMakeTmp'
Makefile:126: recipe for target 'cmTC_c642f/fast' failed
make: *** [cmTC_c642f/fast] Error 2


